app/build/intermediates/manifest_merge_blame_file/debug/manifest-merger-blame-debug-report.txt
1<?xml version="1.0" encoding="utf-8"?>
2<manifest xmlns:android="http://schemas.android.com/apk/res/android"
3    package="com.payten.ecrdemo"
4    android:versionCode="1"
5    android:versionName="1.3" >
6
7    <uses-sdk
8        android:minSdkVersion="25"
8-->src\main\AndroidManifest.xml
9        android:targetSdkVersion="33" />
9-->src\main\AndroidManifest.xml
10
11    <uses-permission android:name="android.permission.SYSTEM_ALERT_WINDOW" />
11-->src\main\AndroidManifest.xml:5:5-78
11-->src\main\AndroidManifest.xml:5:22-75
12
13    <queries>
13-->src\main\AndroidManifest.xml:43:5-45:15
14        <package android:name="com.payten.service" />
14-->src\main\AndroidManifest.xml:44:9-54
14-->src\main\AndroidManifest.xml:44:18-51
15    </queries>
16
17    <application
17-->src\main\AndroidManifest.xml:7:5-41:19
18        android:name="com.payten.ecrdemo.MyApp"
18-->src\main\AndroidManifest.xml:11:9-48
19        android:allowBackup="true"
19-->src\main\AndroidManifest.xml:8:9-35
20        android:appComponentFactory="androidx.core.app.CoreComponentFactory"
20-->[androidx.core:core:1.5.0] AndroidManifest.xml:24:18-86
21        android:debuggable="true"
22        android:extractNativeLibs="false"
23        android:icon="@mipmap/ic_launcher"
23-->src\main\AndroidManifest.xml:9:9-43
24        android:label="@string/app_name"
24-->src\main\AndroidManifest.xml:10:9-41
25        android:roundIcon="@mipmap/ic_launcher_round"
25-->src\main\AndroidManifest.xml:12:9-54
26        android:supportsRtl="true"
26-->src\main\AndroidManifest.xml:13:9-35
27        android:testOnly="true"
28        android:theme="@style/MainTheme" >
28-->src\main\AndroidManifest.xml:14:9-41
29        <activity
29-->src\main\AndroidManifest.xml:15:9-30:20
30            android:name="com.payten.ecrdemo.BillActivity"
30-->src\main\AndroidManifest.xml:16:13-59
31            android:exported="true"
31-->src\main\AndroidManifest.xml:18:13-36
32            android:launchMode="singleInstance" >
32-->src\main\AndroidManifest.xml:17:13-48
33            <intent-filter>
33-->src\main\AndroidManifest.xml:19:13-23:29
34                <action android:name="android.intent.action.MAIN" />
34-->src\main\AndroidManifest.xml:20:17-69
34-->src\main\AndroidManifest.xml:20:25-66
35
36                <category android:name="android.intent.category.LAUNCHER" />
36-->src\main\AndroidManifest.xml:22:17-77
36-->src\main\AndroidManifest.xml:22:27-74
37            </intent-filter>
38            <intent-filter>
38-->src\main\AndroidManifest.xml:25:13-28:29
39                <action android:name="EcrApp.app" />
39-->src\main\AndroidManifest.xml:26:17-52
39-->src\main\AndroidManifest.xml:26:25-50
40
41                <category android:name="android.intent.category.DEFAULT" />
41-->src\main\AndroidManifest.xml:27:17-75
41-->src\main\AndroidManifest.xml:27:27-73
42            </intent-filter>
43        </activity>
44
45        <receiver
45-->src\main\AndroidManifest.xml:32:9-39:20
46            android:name="com.payten.ecrdemo.MyReceiver"
46-->src\main\AndroidManifest.xml:33:13-57
47            android:exported="true" >
47-->src\main\AndroidManifest.xml:34:13-36
48            <intent-filter>
48-->src\main\AndroidManifest.xml:35:13-38:29
49                <action android:name="senderIntentFilter" />
49-->src\main\AndroidManifest.xml:36:17-61
49-->src\main\AndroidManifest.xml:36:25-58
50                <action android:name="com.payten.devicemanager.DefaultEcrApp" />
50-->src\main\AndroidManifest.xml:37:17-81
50-->src\main\AndroidManifest.xml:37:25-78
51            </intent-filter>
52        </receiver>
53    </application>
54
55</manifest>